22-Mar-2020 16:07:44.859 INFO [main] org.apache.catalina.startup.VersionLoggerListener.log Server version name:   Apache Tomcat/9.0.31
22-Mar-2020 16:07:44.860 INFO [main] org.apache.catalina.startup.VersionLoggerListener.log Server built:          Feb 5 2020 19:32:12 UTC
22-Mar-2020 16:07:44.860 INFO [main] org.apache.catalina.startup.VersionLoggerListener.log Server version number: 9.0.31.0
22-Mar-2020 16:07:44.860 INFO [main] org.apache.catalina.startup.VersionLoggerListener.log OS Name:               Mac OS X
22-Mar-2020 16:07:44.860 INFO [main] org.apache.catalina.startup.VersionLoggerListener.log OS Version:            10.14.6
22-Mar-2020 16:07:44.860 INFO [main] org.apache.catalina.startup.VersionLoggerListener.log Architecture:          x86_64
22-Mar-2020 16:07:44.861 INFO [main] org.apache.catalina.startup.VersionLoggerListener.log Java Home:             /Library/Java/JavaVirtualMachines/jdk1.8.0_131.jdk/Contents/Home/jre
22-Mar-2020 16:07:44.861 INFO [main] org.apache.catalina.startup.VersionLoggerListener.log JVM Version:           1.8.0_131-b11
22-Mar-2020 16:07:44.861 INFO [main] org.apache.catalina.startup.VersionLoggerListener.log JVM Vendor:            Oracle Corporation
22-Mar-2020 16:07:44.861 INFO [main] org.apache.catalina.startup.VersionLoggerListener.log CATALINA_BASE:         /Users/victortruong/Documents/Cours - Paris Descartes/S4/apache-tomcat-9.0.31
22-Mar-2020 16:07:44.861 INFO [main] org.apache.catalina.startup.VersionLoggerListener.log CATALINA_HOME:         /Users/victortruong/Documents/Cours - Paris Descartes/S4/apache-tomcat-9.0.31
22-Mar-2020 16:07:44.866 INFO [main] org.apache.catalina.startup.VersionLoggerListener.log Command line argument: -Djava.util.logging.config.file=/Users/victortruong/Documents/Cours - Paris Descartes/S4/apache-tomcat-9.0.31/conf/logging.properties
22-Mar-2020 16:07:44.866 INFO [main] org.apache.catalina.startup.VersionLoggerListener.log Command line argument: -Djava.util.logging.manager=org.apache.juli.ClassLoaderLogManager
22-Mar-2020 16:07:44.866 INFO [main] org.apache.catalina.startup.VersionLoggerListener.log Command line argument: -Djdk.tls.ephemeralDHKeySize=2048
22-Mar-2020 16:07:44.866 INFO [main] org.apache.catalina.startup.VersionLoggerListener.log Command line argument: -Djava.protocol.handler.pkgs=org.apache.catalina.webresources
22-Mar-2020 16:07:44.866 INFO [main] org.apache.catalina.startup.VersionLoggerListener.log Command line argument: -Dorg.apache.catalina.security.SecurityListener.UMASK=0027
22-Mar-2020 16:07:44.866 INFO [main] org.apache.catalina.startup.VersionLoggerListener.log Command line argument: -Dignore.endorsed.dirs=
22-Mar-2020 16:07:44.866 INFO [main] org.apache.catalina.startup.VersionLoggerListener.log Command line argument: -Dcatalina.base=/Users/victortruong/Documents/Cours - Paris Descartes/S4/apache-tomcat-9.0.31
22-Mar-2020 16:07:44.866 INFO [main] org.apache.catalina.startup.VersionLoggerListener.log Command line argument: -Dcatalina.home=/Users/victortruong/Documents/Cours - Paris Descartes/S4/apache-tomcat-9.0.31
22-Mar-2020 16:07:44.867 INFO [main] org.apache.catalina.startup.VersionLoggerListener.log Command line argument: -Djava.io.tmpdir=/Users/victortruong/Documents/Cours - Paris Descartes/S4/apache-tomcat-9.0.31/temp
22-Mar-2020 16:07:44.867 INFO [main] org.apache.catalina.core.AprLifecycleListener.lifecycleEvent The APR based Apache Tomcat Native library which allows optimal performance in production environments was not found on the java.library.path: [/Users/victortruong/Library/Java/Extensions:/Library/Java/Extensions:/Network/Library/Java/Extensions:/System/Library/Java/Extensions:/usr/lib/java:.]
22-Mar-2020 16:07:45.131 INFO [main] org.apache.coyote.AbstractProtocol.init Initializing ProtocolHandler ["http-nio-8080"]
22-Mar-2020 16:07:45.153 SEVERE [main] org.apache.catalina.util.LifecycleBase.handleSubClassException Failed to initialize component [Connector[HTTP/1.1-8080]]
	org.apache.catalina.LifecycleException: Protocol handler initialization failed
		at org.apache.catalina.connector.Connector.initInternal(Connector.java:1013)
		at org.apache.catalina.util.LifecycleBase.init(LifecycleBase.java:136)
		at org.apache.catalina.core.StandardService.initInternal(StandardService.java:533)
		at org.apache.catalina.util.LifecycleBase.init(LifecycleBase.java:136)
		at org.apache.catalina.core.StandardServer.initInternal(StandardServer.java:1057)
		at org.apache.catalina.util.LifecycleBase.init(LifecycleBase.java:136)
		at org.apache.catalina.startup.Catalina.load(Catalina.java:584)
		at org.apache.catalina.startup.Catalina.load(Catalina.java:607)
		at sun.reflect.NativeMethodAccessorImpl.invoke0(Native Method)
		at sun.reflect.NativeMethodAccessorImpl.invoke(NativeMethodAccessorImpl.java:62)
		at sun.reflect.DelegatingMethodAccessorImpl.invoke(DelegatingMethodAccessorImpl.java:43)
		at java.lang.reflect.Method.invoke(Method.java:498)
		at org.apache.catalina.startup.Bootstrap.load(Bootstrap.java:303)
		at org.apache.catalina.startup.Bootstrap.main(Bootstrap.java:473)
	Caused by: java.net.BindException: Address already in use
		at sun.nio.ch.Net.bind0(Native Method)
		at sun.nio.ch.Net.bind(Net.java:433)
		at sun.nio.ch.Net.bind(Net.java:425)
		at sun.nio.ch.ServerSocketChannelImpl.bind(ServerSocketChannelImpl.java:223)
		at sun.nio.ch.ServerSocketAdaptor.bind(ServerSocketAdaptor.java:74)
		at org.apache.tomcat.util.net.NioEndpoint.initServerSocket(NioEndpoint.java:229)
		at org.apache.tomcat.util.net.NioEndpoint.bind(NioEndpoint.java:212)
		at org.apache.tomcat.util.net.AbstractEndpoint.bindWithCleanup(AbstractEndpoint.java:1141)
		at org.apache.tomcat.util.net.AbstractEndpoint.init(AbstractEndpoint.java:1154)
		at org.apache.coyote.AbstractProtocol.init(AbstractProtocol.java:581)
		at org.apache.coyote.http11.AbstractHttp11Protocol.init(AbstractHttp11Protocol.java:74)
		at org.apache.catalina.connector.Connector.initInternal(Connector.java:1010)
		... 13 more
22-Mar-2020 16:07:45.154 INFO [main] org.apache.catalina.startup.Catalina.load Server initialization in [500] milliseconds
22-Mar-2020 16:07:45.176 INFO [main] org.apache.catalina.core.StandardService.startInternal Starting service [Catalina]
22-Mar-2020 16:07:45.176 INFO [main] org.apache.catalina.core.StandardEngine.startInternal Starting Servlet engine: [Apache Tomcat/9.0.31]
22-Mar-2020 16:07:45.186 INFO [main] org.apache.catalina.startup.HostConfig.deployDirectory Deploying web application directory [/Users/victortruong/Documents/Cours - Paris Descartes/S4/apache-tomcat-9.0.31/webapps/docs]
22-Mar-2020 16:07:45.441 INFO [main] org.apache.catalina.startup.HostConfig.deployDirectory Deployment of web application directory [/Users/victortruong/Documents/Cours - Paris Descartes/S4/apache-tomcat-9.0.31/webapps/docs] has finished in [255] ms
22-Mar-2020 16:07:45.441 INFO [main] org.apache.catalina.startup.HostConfig.deployDirectory Deploying web application directory [/Users/victortruong/Documents/Cours - Paris Descartes/S4/apache-tomcat-9.0.31/webapps/manager]
22-Mar-2020 16:07:45.474 INFO [main] org.apache.catalina.startup.HostConfig.deployDirectory Deployment of web application directory [/Users/victortruong/Documents/Cours - Paris Descartes/S4/apache-tomcat-9.0.31/webapps/manager] has finished in [33] ms
22-Mar-2020 16:07:45.475 INFO [main] org.apache.catalina.startup.HostConfig.deployDirectory Deploying web application directory [/Users/victortruong/Documents/Cours - Paris Descartes/S4/apache-tomcat-9.0.31/webapps/examples]
22-Mar-2020 16:07:45.741 INFO [main] org.apache.catalina.startup.HostConfig.deployDirectory Deployment of web application directory [/Users/victortruong/Documents/Cours - Paris Descartes/S4/apache-tomcat-9.0.31/webapps/examples] has finished in [266] ms
22-Mar-2020 16:07:45.741 INFO [main] org.apache.catalina.startup.HostConfig.deployDirectory Deploying web application directory [/Users/victortruong/Documents/Cours - Paris Descartes/S4/apache-tomcat-9.0.31/webapps/ROOT]
22-Mar-2020 16:07:45.757 INFO [main] org.apache.catalina.startup.HostConfig.deployDirectory Deployment of web application directory [/Users/victortruong/Documents/Cours - Paris Descartes/S4/apache-tomcat-9.0.31/webapps/ROOT] has finished in [16] ms
22-Mar-2020 16:07:45.758 INFO [main] org.apache.catalina.startup.HostConfig.deployDirectory Deploying web application directory [/Users/victortruong/Documents/Cours - Paris Descartes/S4/apache-tomcat-9.0.31/webapps/host-manager]
22-Mar-2020 16:07:45.775 INFO [main] org.apache.catalina.startup.HostConfig.deployDirectory Deployment of web application directory [/Users/victortruong/Documents/Cours - Paris Descartes/S4/apache-tomcat-9.0.31/webapps/host-manager] has finished in [17] ms
22-Mar-2020 16:07:45.778 INFO [main] org.apache.catalina.startup.Catalina.start Server startup in [623] milliseconds
22-Mar-2020 16:07:45.781 SEVERE [main] org.apache.catalina.core.StandardServer.await Failed to create server shutdown socket on address [localhost] and port [8005] (base port [8005] and offset [0])
	java.net.BindException: Address already in use (Bind failed)
		at java.net.PlainSocketImpl.socketBind(Native Method)
		at java.net.AbstractPlainSocketImpl.bind(AbstractPlainSocketImpl.java:387)
		at java.net.ServerSocket.bind(ServerSocket.java:375)
		at java.net.ServerSocket.<init>(ServerSocket.java:237)
		at org.apache.catalina.core.StandardServer.await(StandardServer.java:584)
		at org.apache.catalina.startup.Catalina.await(Catalina.java:721)
		at org.apache.catalina.startup.Catalina.start(Catalina.java:667)
		at sun.reflect.NativeMethodAccessorImpl.invoke0(Native Method)
		at sun.reflect.NativeMethodAccessorImpl.invoke(NativeMethodAccessorImpl.java:62)
		at sun.reflect.DelegatingMethodAccessorImpl.invoke(DelegatingMethodAccessorImpl.java:43)
		at java.lang.reflect.Method.invoke(Method.java:498)
		at org.apache.catalina.startup.Bootstrap.start(Bootstrap.java:343)
		at org.apache.catalina.startup.Bootstrap.main(Bootstrap.java:474)
22-Mar-2020 16:07:45.782 INFO [main] org.apache.coyote.AbstractProtocol.pause Pausing ProtocolHandler ["http-nio-8080"]
22-Mar-2020 16:07:45.782 INFO [main] org.apache.catalina.core.StandardService.stopInternal Stopping service [Catalina]
22-Mar-2020 16:07:45.797 INFO [main] org.apache.coyote.AbstractProtocol.stop Stopping ProtocolHandler ["http-nio-8080"]
22-Mar-2020 16:07:45.797 INFO [main] org.apache.coyote.AbstractProtocol.destroy Destroying ProtocolHandler ["http-nio-8080"]
